[debug] [2024-01-19T15:59:49.839Z] ----------------------------------------------------------------------
[debug] [2024-01-19T15:59:49.842Z] Command:       C:\Program Files\nodejs\node.exe C:\Users\casti\AppData\Roaming\npm\node_modules\firebase-tools\lib\bin\firebase.js init
[debug] [2024-01-19T15:59:49.843Z] CLI Version:   13.0.3
[debug] [2024-01-19T15:59:49.843Z] Platform:      win32
[debug] [2024-01-19T15:59:49.843Z] Node Version:  v20.10.0
[debug] [2024-01-19T15:59:49.844Z] Time:          Fri Jan 19 2024 23:59:49 GMT+0800 (Philippine Standard Time)
[debug] [2024-01-19T15:59:49.844Z] ----------------------------------------------------------------------
[debug] 
[debug] [2024-01-19T15:59:49.850Z] > command requires scopes: ["email","openid","https://www.googleapis.com/auth/cloudplatformprojects.readonly","https://www.googleapis.com/auth/firebase","https://www.googleapis.com/auth/cloud-platform"]
[debug] [2024-01-19T15:59:49.851Z] > authorizing via signed-in user (qjlrcastillo@tip.edu.ph)
[info] 
     ######## #### ########  ######## ########     ###     ######  ########
     ##        ##  ##     ## ##       ##     ##  ##   ##  ##       ##
     ######    ##  ########  ######   ########  #########  ######  ######
     ##        ##  ##    ##  ##       ##     ## ##     ##       ## ##
     ##       #### ##     ## ######## ########  ##     ##  ######  ########

You're about to initialize a Firebase project in this directory:

  C:\Users\casti\Documents\new\soil

[info] 
=== Project Setup
[info] 
[info] First, let's associate this project directory with a Firebase project.
[info] You can create multiple project aliases by running firebase use --add, 
[info] but for now we'll just set up a default project.
[info] 
[debug] [2024-01-19T16:00:04.343Z] >>> [apiv2][query] GET https://firebase.googleapis.com/v1beta1/projects pageSize=100
[debug] [2024-01-19T16:00:05.392Z] <<< [apiv2][status] GET https://firebase.googleapis.com/v1beta1/projects 200
[debug] [2024-01-19T16:00:05.393Z] <<< [apiv2][body] GET https://firebase.googleapis.com/v1beta1/projects [omitted]
[debug] [2024-01-19T16:00:24.733Z] ----------------------------------------------------------------------
[debug] [2024-01-19T16:00:24.736Z] Command:       C:\Program Files\nodejs\node.exe C:\Users\casti\AppData\Roaming\npm\node_modules\firebase-tools\lib\bin\firebase.js init
[debug] [2024-01-19T16:00:24.736Z] CLI Version:   13.0.3
[debug] [2024-01-19T16:00:24.736Z] Platform:      win32
[debug] [2024-01-19T16:00:24.736Z] Node Version:  v20.10.0
[debug] [2024-01-19T16:00:24.737Z] Time:          Sat Jan 20 2024 00:00:24 GMT+0800 (Philippine Standard Time)
[debug] [2024-01-19T16:00:24.737Z] ----------------------------------------------------------------------
[debug] 
[debug] [2024-01-19T16:00:24.744Z] > command requires scopes: ["email","openid","https://www.googleapis.com/auth/cloudplatformprojects.readonly","https://www.googleapis.com/auth/firebase","https://www.googleapis.com/auth/cloud-platform"]
[debug] [2024-01-19T16:00:24.744Z] > authorizing via signed-in user (qjlrcastillo@tip.edu.ph)
[info] 
     ######## #### ########  ######## ########     ###     ######  ########
     ##        ##  ##     ## ##       ##     ##  ##   ##  ##       ##
     ######    ##  ########  ######   ########  #########  ######  ######
     ##        ##  ##    ##  ##       ##     ## ##     ##       ## ##
     ##       #### ##     ## ######## ########  ##     ##  ######  ########

You're about to initialize a Firebase project in this directory:

  C:\Users\casti\Documents\new\soil

[info] 
=== Project Setup
[info] 
[info] First, let's associate this project directory with a Firebase project.
[info] You can create multiple project aliases by running firebase use --add, 
[info] but for now we'll just set up a default project.
[info] 
[info] i  If you want to create a project in a Google Cloud organization or folder, please use "firebase projects:create" instead, and return to this command when you've created the project. 
[debug] [2024-01-19T16:00:58.849Z] >>> [apiv2][query] POST https://cloudresourcemanager.googleapis.com/v1/projects [none]
[debug] [2024-01-19T16:00:58.849Z] >>> [apiv2][body] POST https://cloudresourcemanager.googleapis.com/v1/projects {"projectId":"JIJEEZ","name":"JIJEEZ"}
[debug] [2024-01-19T16:00:59.970Z] <<< [apiv2][status] POST https://cloudresourcemanager.googleapis.com/v1/projects 400
[debug] [2024-01-19T16:00:59.970Z] <<< [apiv2][body] POST https://cloudresourcemanager.googleapis.com/v1/projects {"error":{"code":400,"message":"field [project_id] has issue [project_id contains invalid characters]","status":"INVALID_ARGUMENT","details":[{"@type":"type.googleapis.com/google.rpc.BadRequest","fieldViolations":[{"field":"project_id","description":"project_id contains invalid characters"}]},{"@type":"type.googleapis.com/google.rpc.Help","links":[{"url":"https://cloud.google.com/resource-manager/reference/rest/v1/projects"}]}]}}
[debug] [2024-01-19T16:01:00.169Z] FirebaseError: HTTP Error: 400, field [project_id] has issue [project_id contains invalid characters]
    at responseToError (C:\Users\casti\AppData\Roaming\npm\node_modules\firebase-tools\lib\responseToError.js:49:12)
    at RetryOperation._fn (C:\Users\casti\AppData\Roaming\npm\node_modules\firebase-tools\lib\apiv2.js:292:77)
    at process.processTicksAndRejections (node:internal/process/task_queues:95:5)
[error] 
[error] Error: Failed to create project. See firebase-debug.log for more info.
